Checking Shared adapters folder at /users/jbear/dev/universal-framework/shared/adapters...
Shared adapters folder exists at /users/jbear/dev/universal-framework/shared/adapters. No action needed.
Checking Integration tests folder at /users/jbear/dev/universal-framework/tests/integration...
Integration tests folder exists at /users/jbear/dev/universal-framework/tests/integration. No action needed.
Checking contents of .babelrc file at /users/jbear/dev/universal-framework/.babelrc...
.babelrc file at /users/jbear/dev/universal-framework/.babelrc is not as expected. Amending it now...
.babelrc file amended at /users/jbear/dev/universal-framework/.babelrc.
Checking contents of Jest config file at /users/jbear/dev/universal-framework/config/jest.config.js...
Jest config file at /users/jbear/dev/universal-framework/config/jest.config.js is not as expected. Amending it now...
Jest config file amended at /users/jbear/dev/universal-framework/config/jest.config.js.
Checking shared/adapters module at /users/jbear/dev/universal-framework/shared/adapters...
shared/adapters module exists at /users/jbear/dev/universal-framework/shared/adapters. No action needed.
Checking modules/tata-ai module at /users/jbear/dev/universal-framework/modules/tata-ai...
modules/tata-ai module exists at /users/jbear/dev/universal-framework/modules/tata-ai. No action needed.
Checking modules/nexus module at /users/jbear/dev/universal-framework/modules/nexus...
modules/nexus module exists at /users/jbear/dev/universal-framework/modules/nexus. No action needed.
Checking tests/integration module at /users/jbear/dev/universal-framework/tests/integration...
tests/integration module exists at /users/jbear/dev/universal-framework/tests/integration. No action needed.
Checking contents of .babelrc file at /users/jbear/dev/universal-framework/.babelrc...
.babelrc file at /users/jbear/dev/universal-framework/.babelrc is correct. No action needed.
Checking contents of Jest config file at /users/jbear/dev/universal-framework/config/jest.config.js...
Jest config file at /users/jbear/dev/universal-framework/config/jest.config.js is correct. No action needed.
