Starting Universal Framework setup with Bear Dancing Protocol...
Running Bear Dancing Protocol...
Checking platforms/web/react-app...
platforms/web/react-app exists.
Checking modules...
modules exists.
Checking shared...
shared exists.
Bear Dancing Protocol completed for directories.
Updating .babelrc if necessary...
.babelrc is already up-to-date.
Updating tsconfig.json if necessary...
Updating tsconfig.json...
tsconfig.json updated.
Installing npm packages...

up to date, audited 784 packages in 1s

146 packages are looking for funding
  run `npm fund` for details

found 0 vulnerabilities
npm packages installed successfully.
Checking for git conflicts...
No git conflicts detected.
Running build process...

> universal-framework@1.0.0 build
> tsc

modules/nexus/frontend/src/components/CyberpunkLanding.tsx(98,6): error TS17008: JSX element 'motion.div' has no corresponding closing tag.
modules/nexus/frontend/src/components/CyberpunkLanding.tsx(104,8): error TS17008: JSX element 'Canvas' has no corresponding closing tag.
modules/nexus/frontend/src/components/CyberpunkLanding.tsx(108,43): error TS1005: '/' expected.
modules/nexus/frontend/src/components/CyberpunkLanding.tsx(108,43): error TS1005: '</' expected.
Build completed successfully.
Checking dist/index.js...
Error: dist/index.js not found. Please ensure the build process completes successfully.
